<?xml version="1.0" encoding="UTF-8"?>
<!-- Generated by org.testng.reporters.JUnitReportReporter -->
<testsuite name="com.salle.test.funcionales.header.Test_HeaderTest" tests="1" time="63.325" ignored="0" failures="0" timestamp="14 Sep 2018 17:30:50 GMT" skipped="0" hostname="DESKTOP-BSD5S3P" errors="0">
  <testcase name="Header_Accesos" time="63.325" classname="com.salle.test.funcionales.header.Test_HeaderTest"/>
</testsuite> <!-- com.salle.test.funcionales.header.Test_HeaderTest -->
