<?xml version="1.0" encoding="UTF-8"?>
<!-- Generated by org.testng.reporters.JUnitReportReporter -->
<testsuite name="com.salle.test.funcionales.header.Test_buscador" tests="2" time="18.528" ignored="0" failures="0" timestamp="17 abr 2018 18:41:45 GMT" skipped="0" hostname="DESKTOP-BSD5S3P" errors="0">
  <testcase name="Test_negativo" time="13.827" classname="com.salle.test.funcionales.header.Test_buscador"/>
  <testcase name="Test_positivo" time="4.701" classname="com.salle.test.funcionales.header.Test_buscador"/>
</testsuite> <!-- com.salle.test.funcionales.header.Test_buscador -->
