<?xml version="1.0" encoding="UTF-8"?>
<!-- Generated by org.testng.reporters.JUnitReportReporter -->
<testsuite name="com.salle.test.funcionales.header.Test_buscador" tests="2" time="0.700" ignored="0" failures="0" timestamp="02 abr 2018 19:23:38 GMT" skipped="0" hostname="DESKTOP-BSD5S3P" errors="0">
  <testcase name="Test_positivo" time="0.001" classname="com.salle.test.funcionales.header.Test_buscador"/>
  <testcase name="Test_negativo" time="0.699" classname="com.salle.test.funcionales.header.Test_buscador"/>
</testsuite> <!-- com.salle.test.funcionales.header.Test_buscador -->
