<?xml version="1.0" encoding="UTF-8"?>
<!-- Generated by org.testng.reporters.JUnitReportReporter -->
<testsuite name="com.salle.test.funcionales.header.Test_HeaderTest" tests="1" time="12.084" ignored="0" failures="0" timestamp="18 mar 2018 11:18:56 GMT" skipped="0" hostname="DESKTOP-BSD5S3P" errors="0">
  <testcase name="Header_Accesos" time="12.084" classname="com.salle.test.funcionales.header.Test_HeaderTest"/>
</testsuite> <!-- com.salle.test.funcionales.header.Test_HeaderTest -->
