<?xml version="1.0" encoding="UTF-8"?>
<!-- Generated by org.testng.reporters.JUnitReportReporter -->
<testsuite name="com.salle.test.funcionales.header.Test_HeaderTest" tests="1" time="9.785" ignored="0" failures="0" timestamp="07 abr 2018 19:04:15 GMT" skipped="0" hostname="DESKTOP-BSD5S3P" errors="0">
  <testcase name="Header_Accesos" time="9.785" classname="com.salle.test.funcionales.header.Test_HeaderTest"/>
</testsuite> <!-- com.salle.test.funcionales.header.Test_HeaderTest -->
