<?xml version="1.0" encoding="UTF-8"?>
<!-- Generated by org.testng.reporters.JUnitReportReporter -->
<testsuite name="com.salle.test.funcionales.header.Test_HeaderTest" tests="1" time="10.443" ignored="0" failures="0" timestamp="23 nov 2017 19:20:35 GMT" skipped="0" hostname="DESKTOP-BSD5S3P" errors="0">
  <testcase name="Header_Accesos" time="10.443" classname="com.salle.test.funcionales.header.Test_HeaderTest"/>
</testsuite> <!-- com.salle.test.funcionales.header.Test_HeaderTest -->
